<?xml version="1.0" encoding="UTF-8"?>
<coverage generated="1768811316367" clover="3.2.0">
  <project timestamp="1768811316367" name="All files">
    <metrics statements="24" coveredstatements="24" conditionals="22" coveredconditionals="21" methods="15" coveredmethods="15" elements="61" coveredelements="60" complexity="0" loc="24" ncloc="24" packages="3" files="12" classes="12"/>
    <package name="assets">
      <metrics statements="0" coveredstatements="0" conditionals="0" coveredconditionals="0" methods="0" coveredmethods="0"/>
      <file name="Banner_home.jpg" path="/Users/petrakovanatalia/kasa-app/src/assets/Banner_home.jpg">
        <metrics statements="0" coveredstatements="0" conditionals="0" coveredconditionals="0" methods="0" coveredmethods="0"/>
      </file>
      <file name="LOGO_BIG.png" path="/Users/petrakovanatalia/kasa-app/src/assets/LOGO_BIG.png">
        <metrics statements="0" coveredstatements="0" conditionals="0" coveredconditionals="0" methods="0" coveredmethods="0"/>
      </file>
      <file name="LOGO_FOOTER.png" path="/Users/petrakovanatalia/kasa-app/src/assets/LOGO_FOOTER.png">
        <metrics statements="0" coveredstatements="0" conditionals="0" coveredconditionals="0" methods="0" coveredmethods="0"/>
      </file>
    </package>
    <package name="components">
      <metrics statements="18" coveredstatements="18" conditionals="16" coveredconditionals="15" methods="12" coveredmethods="12"/>
      <file name="Banner.jsx" path="/Users/petrakovanatalia/kasa-app/src/components/Banner.jsx">
        <metrics statements="1" coveredstatements="1" conditionals="2" coveredconditionals="2" methods="1" coveredmethods="1"/>
        <line num="2" count="9" type="stmt"/>
      </file>
      <file name="Card.jsx" path="/Users/petrakovanatalia/kasa-app/src/components/Card.jsx">
        <metrics statements="1" coveredstatements="1" conditionals="0" coveredconditionals="0" methods="1" coveredmethods="1"/>
        <line num="4" count="9" type="stmt"/>
      </file>
      <file name="Collapse.jsx" path="/Users/petrakovanatalia/kasa-app/src/components/Collapse.jsx">
        <metrics statements="4" coveredstatements="4" conditionals="4" coveredconditionals="4" methods="2" coveredmethods="2"/>
        <line num="4" count="7" type="stmt"/>
        <line num="6" count="7" type="stmt"/>
        <line num="7" count="3" type="stmt"/>
        <line num="10" count="7" type="stmt"/>
      </file>
      <file name="Footer.jsx" path="/Users/petrakovanatalia/kasa-app/src/components/Footer.jsx">
        <metrics statements="1" coveredstatements="1" conditionals="0" coveredconditionals="0" methods="1" coveredmethods="1"/>
        <line num="4" count="4" type="stmt"/>
      </file>
      <file name="Gallery.jsx" path="/Users/petrakovanatalia/kasa-app/src/components/Gallery.jsx">
        <metrics statements="9" coveredstatements="9" conditionals="6" coveredconditionals="5" methods="5" coveredmethods="5"/>
        <line num="4" count="11" type="stmt"/>
        <line num="6" count="11" type="stmt"/>
        <line num="7" count="1" type="stmt"/>
        <line num="8" count="1" type="cond" truecount="1" falsecount="1"/>
        <line num="12" count="11" type="stmt"/>
        <line num="13" count="4" type="stmt"/>
        <line num="14" count="4" type="cond" truecount="2" falsecount="0"/>
        <line num="18" count="11" type="stmt"/>
        <line num="20" count="11" type="stmt"/>
      </file>
      <file name="Header.jsx" path="/Users/petrakovanatalia/kasa-app/src/components/Header.jsx">
        <metrics statements="1" coveredstatements="1" conditionals="0" coveredconditionals="0" methods="1" coveredmethods="1"/>
        <line num="5" count="6" type="stmt"/>
      </file>
      <file name="Star.jsx" path="/Users/petrakovanatalia/kasa-app/src/components/Star.jsx">
        <metrics statements="1" coveredstatements="1" conditionals="4" coveredconditionals="4" methods="1" coveredmethods="1"/>
        <line num="2" count="6" type="stmt"/>
      </file>
    </package>
    <package name="pages">
      <metrics statements="6" coveredstatements="6" conditionals="6" coveredconditionals="6" methods="3" coveredmethods="3"/>
      <file name="Home.jsx" path="/Users/petrakovanatalia/kasa-app/src/pages/Home.jsx">
        <metrics statements="5" coveredstatements="5" conditionals="6" coveredconditionals="6" methods="2" coveredmethods="2"/>
        <line num="7" count="7" type="stmt"/>
        <line num="9" count="7" type="cond" truecount="2" falsecount="0"/>
        <line num="10" count="6" type="cond" truecount="2" falsecount="0"/>
        <line num="12" count="5" type="stmt"/>
        <line num="20" count="5" type="stmt"/>
      </file>
      <file name="NotFound.jsx" path="/Users/petrakovanatalia/kasa-app/src/pages/NotFound.jsx">
        <metrics statements="1" coveredstatements="1" conditionals="0" coveredconditionals="0" methods="1" coveredmethods="1"/>
        <line num="4" count="5" type="stmt"/>
      </file>
    </package>
  </project>
</coverage>
