{"/Users/petrakovanatalia/kasa-app/src/assets/Banner_home.jpg": {"path":"/Users/petrakovanatalia/kasa-app/src/assets/Banner_home.jpg","statementMap":{},"fnMap":{},"branchMap":{},"s":{},"f":{},"b":{},"meta":{"lastBranch":0,"lastFunction":0,"lastStatement":0,"seen":{}}}
,"/Users/petrakovanatalia/kasa-app/src/assets/LOGO_BIG.png": {"path":"/Users/petrakovanatalia/kasa-app/src/assets/LOGO_BIG.png","statementMap":{},"fnMap":{},"branchMap":{},"s":{},"f":{},"b":{},"meta":{"lastBranch":0,"lastFunction":0,"lastStatement":0,"seen":{}}}
,"/Users/petrakovanatalia/kasa-app/src/assets/LOGO_FOOTER.png": {"path":"/Users/petrakovanatalia/kasa-app/src/assets/LOGO_FOOTER.png","statementMap":{},"fnMap":{},"branchMap":{},"s":{},"f":{},"b":{},"meta":{"lastBranch":0,"lastFunction":0,"lastStatement":0,"seen":{}}}
,"/Users/petrakovanatalia/kasa-app/src/components/Banner.jsx": {"path":"/Users/petrakovanatalia/kasa-app/src/components/Banner.jsx","statementMap":{"0":{"start":{"line":2,"column":2},"end":{"line":6,"column":null}}},"fnMap":{"0":{"name":"Banner","decl":{"start":{"line":1,"column":9},"end":{"line":1,"column":16}},"loc":{"start":{"line":1,"column":33},"end":{"line":8,"column":null}},"line":1}},"branchMap":{"0":{"loc":{"start":{"line":5,"column":7},"end":{"line":5,"column":null}},"type":"binary-expr","locations":[{"start":{"line":5,"column":7},"end":{"line":5,"column":15}},{"start":{"line":5,"column":15},"end":{"line":5,"column":null}}],"line":5}},"s":{"0":9},"f":{"0":9},"b":{"0":[9,7]},"meta":{"lastBranch":1,"lastFunction":1,"lastStatement":1,"seen":{"f:1:9:1:16":0,"s:2:2:6:Infinity":0,"b:5:7:5:15:5:15:5:Infinity":0}}}
,"/Users/petrakovanatalia/kasa-app/src/components/Card.jsx": {"path":"/Users/petrakovanatalia/kasa-app/src/components/Card.jsx","statementMap":{"0":{"start":{"line":4,"column":2},"end":{"line":8,"column":null}}},"fnMap":{"0":{"name":"Card","decl":{"start":{"line":3,"column":9},"end":{"line":3,"column":14}},"loc":{"start":{"line":3,"column":36},"end":{"line":10,"column":null}},"line":3}},"branchMap":{},"s":{"0":9},"f":{"0":9},"b":{},"meta":{"lastBranch":0,"lastFunction":1,"lastStatement":1,"seen":{"f:3:9:3:14":0,"s:4:2:8:Infinity":0}}}
,"/Users/petrakovanatalia/kasa-app/src/components/Collapse.jsx": {"path":"/Users/petrakovanatalia/kasa-app/src/components/Collapse.jsx","statementMap":{"0":{"start":{"line":4,"column":26},"end":{"line":4,"column":null}},"1":{"start":{"line":6,"column":25},"end":{"line":8,"column":null}},"2":{"start":{"line":7,"column":4},"end":{"line":7,"column":null}},"3":{"start":{"line":10,"column":2},"end":{"line":25,"column":null}}},"fnMap":{"0":{"name":"Collapse","decl":{"start":{"line":3,"column":9},"end":{"line":3,"column":18}},"loc":{"start":{"line":3,"column":38},"end":{"line":27,"column":null}},"line":3},"1":{"name":"(anonymous_1)","decl":{"start":{"line":6,"column":25},"end":{"line":6,"column":31}},"loc":{"start":{"line":6,"column":31},"end":{"line":8,"column":null}},"line":6}},"branchMap":{"0":{"loc":{"start":{"line":14,"column":43},"end":{"line":14,"column":63}},"type":"cond-expr","locations":[{"start":{"line":14,"column":52},"end":{"line":14,"column":61}},{"start":{"line":14,"column":61},"end":{"line":14,"column":63}}],"line":14},"1":{"loc":{"start":{"line":20,"column":7},"end":{"line":23,"column":null}},"type":"binary-expr","locations":[{"start":{"line":20,"column":7},"end":{"line":20,"column":null}},{"start":{"line":21,"column":8},"end":{"line":23,"column":null}}],"line":20}},"s":{"0":7,"1":7,"2":3,"3":7},"f":{"0":7,"1":3},"b":{"0":[2,5],"1":[7,2]},"meta":{"lastBranch":2,"lastFunction":2,"lastStatement":4,"seen":{"f:3:9:3:18":0,"s:4:26:4:Infinity":0,"s:6:25:8:Infinity":1,"f:6:25:6:31":1,"s:7:4:7:Infinity":2,"s:10:2:25:Infinity":3,"b:14:52:14:61:14:61:14:63":0,"b:20:7:20:Infinity:21:8:23:Infinity":1}}}
,"/Users/petrakovanatalia/kasa-app/src/components/Footer.jsx": {"path":"/Users/petrakovanatalia/kasa-app/src/components/Footer.jsx","statementMap":{"0":{"start":{"line":4,"column":2},"end":{"line":8,"column":null}}},"fnMap":{"0":{"name":"Footer","decl":{"start":{"line":3,"column":9},"end":{"line":3,"column":18}},"loc":{"start":{"line":3,"column":18},"end":{"line":10,"column":null}},"line":3}},"branchMap":{},"s":{"0":4},"f":{"0":4},"b":{},"meta":{"lastBranch":0,"lastFunction":1,"lastStatement":1,"seen":{"f:3:9:3:18":0,"s:4:2:8:Infinity":0}}}
,"/Users/petrakovanatalia/kasa-app/src/components/Gallery.jsx": {"path":"/Users/petrakovanatalia/kasa-app/src/components/Gallery.jsx","statementMap":{"0":{"start":{"line":4,"column":38},"end":{"line":4,"column":null}},"1":{"start":{"line":6,"column":23},"end":{"line":10,"column":null}},"2":{"start":{"line":7,"column":4},"end":{"line":9,"column":null}},"3":{"start":{"line":8,"column":6},"end":{"line":8,"column":null}},"4":{"start":{"line":12,"column":19},"end":{"line":16,"column":null}},"5":{"start":{"line":13,"column":4},"end":{"line":15,"column":null}},"6":{"start":{"line":14,"column":6},"end":{"line":14,"column":null}},"7":{"start":{"line":18,"column":25},"end":{"line":18,"column":null}},"8":{"start":{"line":20,"column":2},"end":{"line":57,"column":null}}},"fnMap":{"0":{"name":"Gallery","decl":{"start":{"line":3,"column":9},"end":{"line":3,"column":17}},"loc":{"start":{"line":3,"column":31},"end":{"line":59,"column":null}},"line":3},"1":{"name":"(anonymous_1)","decl":{"start":{"line":6,"column":23},"end":{"line":6,"column":29}},"loc":{"start":{"line":6,"column":29},"end":{"line":10,"column":null}},"line":6},"2":{"name":"(anonymous_2)","decl":{"start":{"line":7,"column":20},"end":{"line":7,"column":21}},"loc":{"start":{"line":8,"column":6},"end":{"line":8,"column":null}},"line":8},"3":{"name":"(anonymous_3)","decl":{"start":{"line":12,"column":19},"end":{"line":12,"column":25}},"loc":{"start":{"line":12,"column":25},"end":{"line":16,"column":null}},"line":12},"4":{"name":"(anonymous_4)","decl":{"start":{"line":13,"column":20},"end":{"line":13,"column":21}},"loc":{"start":{"line":14,"column":6},"end":{"line":14,"column":null}},"line":14}},"branchMap":{"0":{"loc":{"start":{"line":8,"column":6},"end":{"line":8,"column":null}},"type":"cond-expr","locations":[{"start":{"line":8,"column":24},"end":{"line":8,"column":46}},{"start":{"line":8,"column":46},"end":{"line":8,"column":null}}],"line":8},"1":{"loc":{"start":{"line":14,"column":6},"end":{"line":14,"column":null}},"type":"cond-expr","locations":[{"start":{"line":14,"column":42},"end":{"line":14,"column":46}},{"start":{"line":14,"column":46},"end":{"line":14,"column":null}}],"line":14},"2":{"loc":{"start":{"line":24,"column":7},"end":{"line":55,"column":null}},"type":"binary-expr","locations":[{"start":{"line":24,"column":7},"end":{"line":24,"column":null}},{"start":{"line":25,"column":8},"end":{"line":55,"column":null}}],"line":24}},"s":{"0":11,"1":11,"2":1,"3":1,"4":11,"5":4,"6":4,"7":11,"8":11},"f":{"0":11,"1":1,"2":1,"3":4,"4":4},"b":{"0":[1,0],"1":[1,3],"2":[11,10]},"meta":{"lastBranch":3,"lastFunction":5,"lastStatement":9,"seen":{"f:3:9:3:17":0,"s:4:38:4:Infinity":0,"s:6:23:10:Infinity":1,"f:6:23:6:29":1,"s:7:4:9:Infinity":2,"f:7:20:7:21":2,"s:8:6:8:Infinity":3,"b:8:24:8:46:8:46:8:Infinity":0,"s:12:19:16:Infinity":4,"f:12:19:12:25":3,"s:13:4:15:Infinity":5,"f:13:20:13:21":4,"s:14:6:14:Infinity":6,"b:14:42:14:46:14:46:14:Infinity":1,"s:18:25:18:Infinity":7,"s:20:2:57:Infinity":8,"b:24:7:24:Infinity:25:8:55:Infinity":2}}}
,"/Users/petrakovanatalia/kasa-app/src/components/Header.jsx": {"path":"/Users/petrakovanatalia/kasa-app/src/components/Header.jsx","statementMap":{"0":{"start":{"line":5,"column":2},"end":{"line":12,"column":null}}},"fnMap":{"0":{"name":"Header","decl":{"start":{"line":4,"column":9},"end":{"line":4,"column":18}},"loc":{"start":{"line":4,"column":18},"end":{"line":14,"column":null}},"line":4}},"branchMap":{},"s":{"0":6},"f":{"0":6},"b":{},"meta":{"lastBranch":0,"lastFunction":1,"lastStatement":1,"seen":{"f:4:9:4:18":0,"s:5:2:12:Infinity":0}}}
,"/Users/petrakovanatalia/kasa-app/src/components/Star.jsx": {"path":"/Users/petrakovanatalia/kasa-app/src/components/Star.jsx","statementMap":{"0":{"start":{"line":2,"column":2},"end":{"line":15,"column":null}}},"fnMap":{"0":{"name":"Star","decl":{"start":{"line":1,"column":9},"end":{"line":1,"column":14}},"loc":{"start":{"line":1,"column":26},"end":{"line":17,"column":null}},"line":1}},"branchMap":{"0":{"loc":{"start":{"line":9,"column":25},"end":{"line":9,"column":47}},"type":"cond-expr","locations":[{"start":{"line":9,"column":34},"end":{"line":9,"column":45}},{"start":{"line":9,"column":45},"end":{"line":9,"column":47}}],"line":9},"1":{"loc":{"start":{"line":13,"column":14},"end":{"line":13,"column":null}},"type":"cond-expr","locations":[{"start":{"line":13,"column":23},"end":{"line":13,"column":35}},{"start":{"line":13,"column":35},"end":{"line":13,"column":null}}],"line":13}},"s":{"0":6},"f":{"0":6},"b":{"0":[3,3],"1":[3,3]},"meta":{"lastBranch":2,"lastFunction":1,"lastStatement":1,"seen":{"f:1:9:1:14":0,"s:2:2:15:Infinity":0,"b:9:34:9:45:9:45:9:47":0,"b:13:23:13:35:13:35:13:Infinity":1}}}
,"/Users/petrakovanatalia/kasa-app/src/pages/Home.jsx": {"path":"/Users/petrakovanatalia/kasa-app/src/pages/Home.jsx","statementMap":{"0":{"start":{"line":7,"column":43},"end":{"line":7,"column":null}},"1":{"start":{"line":9,"column":2},"end":{"line":9,"column":null}},"2":{"start":{"line":9,"column":15},"end":{"line":9,"column":null}},"3":{"start":{"line":10,"column":2},"end":{"line":10,"column":null}},"4":{"start":{"line":10,"column":13},"end":{"line":10,"column":null}},"5":{"start":{"line":12,"column":2},"end":{"line":28,"column":null}},"6":{"start":{"line":20,"column":10},"end":{"line":25,"column":null}}},"fnMap":{"0":{"name":"Home","decl":{"start":{"line":6,"column":9},"end":{"line":6,"column":16}},"loc":{"start":{"line":6,"column":16},"end":{"line":30,"column":null}},"line":6},"1":{"name":"(anonymous_1)","decl":{"start":{"line":19,"column":38},"end":{"line":19,"column":39}},"loc":{"start":{"line":20,"column":10},"end":{"line":25,"column":null}},"line":20}},"branchMap":{"0":{"loc":{"start":{"line":9,"column":2},"end":{"line":9,"column":null}},"type":"if","locations":[{"start":{"line":9,"column":2},"end":{"line":9,"column":null}},{"start":{},"end":{}}],"line":9},"1":{"loc":{"start":{"line":10,"column":2},"end":{"line":10,"column":null}},"type":"if","locations":[{"start":{"line":10,"column":2},"end":{"line":10,"column":null}},{"start":{},"end":{}}],"line":10},"2":{"loc":{"start":{"line":19,"column":9},"end":{"line":26,"column":null}},"type":"binary-expr","locations":[{"start":{"line":19,"column":9},"end":{"line":19,"column":23}},{"start":{"line":19,"column":23},"end":{"line":26,"column":null}}],"line":19}},"s":{"0":7,"1":7,"2":1,"3":6,"4":6,"5":5,"6":5},"f":{"0":7,"1":5},"b":{"0":[1,6],"1":[1,5],"2":[5,5]},"meta":{"lastBranch":3,"lastFunction":2,"lastStatement":7,"seen":{"f:6:9:6:16":0,"s:7:43:7:Infinity":0,"b:9:2:9:Infinity:undefined:undefined:undefined:undefined":0,"s:9:2:9:Infinity":1,"s:9:15:9:Infinity":2,"b:10:2:10:Infinity:undefined:undefined:undefined:undefined":1,"s:10:2:10:Infinity":3,"s:10:13:10:Infinity":4,"s:12:2:28:Infinity":5,"b:19:9:19:23:19:23:26:Infinity":2,"f:19:38:19:39":1,"s:20:10:25:Infinity":6}}}
,"/Users/petrakovanatalia/kasa-app/src/pages/NotFound.jsx": {"path":"/Users/petrakovanatalia/kasa-app/src/pages/NotFound.jsx","statementMap":{"0":{"start":{"line":4,"column":2},"end":{"line":9,"column":null}}},"fnMap":{"0":{"name":"NotFound","decl":{"start":{"line":3,"column":9},"end":{"line":3,"column":20}},"loc":{"start":{"line":3,"column":20},"end":{"line":11,"column":null}},"line":3}},"branchMap":{},"s":{"0":5},"f":{"0":5},"b":{},"meta":{"lastBranch":0,"lastFunction":1,"lastStatement":1,"seen":{"f:3:9:3:20":0,"s:4:2:9:Infinity":0}}}
}
